# JRE version: Java(TM) SE Runtime Environment (8.0_171-b11) (build 1.8.0_171-b11)
# Java VM: Java HotSpot(TM) 64-Bit Server VM (25.171-b11 mixed mode windows-amd64 compressed oops)
Heap:
 PSYoungGen      total 97280K, used 75933K [0x00000000eab00000, 0x00000000f4600000, 0x0000000100000000)
  eden space 80384K, 73% used [0x00000000eab00000,0x00000000ee4a90d0,0x00000000ef980000)
  from space 16896K, 99% used [0x00000000ef980000,0x00000000f09fe4d0,0x00000000f0a00000)
  to   space 21504K, 0% used [0x00000000f3100000,0x00000000f3100000,0x00000000f4600000)
 ParOldGen       total 81408K, used 30010K [0x00000000c0000000, 0x00000000c4f80000, 0x00000000eab00000)
  object space 81408K, 36% used [0x00000000c0000000,0x00000000c1d4e8c8,0x00000000c4f80000)
 Metaspace       used 55512K, capacity 57676K, committed 58032K, reserved 1099776K
  class space    used 7749K, capacity 8267K, committed 8368K, reserved 1048576K
GC Heap History (10 events):
Event: 42.940 GC heap before
{Heap before GC invocations=9 (full 2):
 PSYoungGen      total 73216K, used 62464K [0x00000000eab00000, 0x00000000eff00000, 0x0000000100000000)
  eden space 62464K, 100% used [0x00000000eab00000,0x00000000ee800000,0x00000000ee800000)
  from space 10752K, 0% used [0x00000000ef400000,0x00000000ef400000,0x00000000efe80000)
  to   space 11776K, 0% used [0x00000000ee800000,0x00000000ee800000,0x00000000ef380000)
 ParOldGen       total 81408K, used 17328K [0x00000000c0000000, 0x00000000c4f80000, 0x00000000eab00000)
  object space 81408K, 21% used [0x00000000c0000000,0x00000000c10ec2d0,0x00000000c4f80000)
 Metaspace       used 37611K, capacity 38292K, committed 38576K, reserved 1083392K
  class space    used 5255K, capacity 5529K, committed 5552K, reserved 1048576K
Event: 42.944 GC heap after
Heap after GC invocations=9 (full 2):
 PSYoungGen      total 68608K, used 7289K [0x00000000eab00000, 0x00000000efd80000, 0x0000000100000000)
  eden space 60928K, 0% used [0x00000000eab00000,0x00000000eab00000,0x00000000ee680000)
  from space 7680K, 94% used [0x00000000ee800000,0x00000000eef1e608,0x00000000eef80000)
  to   space 11776K, 0% used [0x00000000ef200000,0x00000000ef200000,0x00000000efd80000)
 ParOldGen       total 81408K, used 17336K [0x00000000c0000000, 0x00000000c4f80000, 0x00000000eab00000)
  object space 81408K, 21% used [0x00000000c0000000,0x00000000c10ee2d0,0x00000000c4f80000)
 Metaspace       used 37611K, capacity 38292K, committed 38576K, reserved 1083392K
  class space    used 5255K, capacity 5529K, committed 5552K, reserved 1048576K
}
Event: 43.794 GC heap before
{Heap before GC invocations=10 (full 2):
 PSYoungGen      total 68608K, used 68217K [0x00000000eab00000, 0x00000000efd80000, 0x0000000100000000)
  eden space 60928K, 100% used [0x00000000eab00000,0x00000000ee680000,0x00000000ee680000)
  from space 7680K, 94% used [0x00000000ee800000,0x00000000eef1e608,0x00000000eef80000)
  to   space 11776K, 0% used [0x00000000ef200000,0x00000000ef200000,0x00000000efd80000)
 ParOldGen       total 81408K, used 17336K [0x00000000c0000000, 0x00000000c4f80000, 0x00000000eab00000)
  object space 81408K, 21% used [0x00000000c0000000,0x00000000c10ee2d0,0x00000000c4f80000)
 Metaspace       used 41486K, capacity 42400K, committed 42544K, reserved 1085440K
  class space    used 5825K, capacity 6139K, committed 6192K, reserved 1048576K
Event: 43.807 GC heap after
Heap after GC invocations=10 (full 2):
 PSYoungGen      total 71680K, used 11769K [0x00000000eab00000, 0x00000000f2380000, 0x0000000100000000)
  eden space 59904K, 0% used [0x00000000eab00000,0x00000000eab00000,0x00000000ee580000)
  from space 11776K, 99% used [0x00000000ef200000,0x00000000efd7e780,0x00000000efd80000)
  to   space 12800K, 0% used [0x00000000ee580000,0x00000000ee580000,0x00000000ef200000)
 ParOldGen       total 81408K, used 17463K [0x00000000c0000000, 0x00000000c4f80000, 0x00000000eab00000)
  object space 81408K, 21% used [0x00000000c0000000,0x00000000c110def8,0x00000000c4f80000)
 Metaspace       used 41486K, capacity 42400K, committed 42544K, reserved 1085440K
  class space    used 5825K, capacity 6139K, committed 6192K, reserved 1048576K
}
Event: 44.730 GC heap before
{Heap before GC invocations=11 (full 2):
 PSYoungGen      total 71680K, used 71673K [0x00000000eab00000, 0x00000000f2380000, 0x0000000100000000)
  eden space 59904K, 100% used [0x00000000eab00000,0x00000000ee580000,0x00000000ee580000)
  from space 11776K, 99% used [0x00000000ef200000,0x00000000efd7e780,0x00000000efd80000)
  to   space 12800K, 0% used [0x00000000ee580000,0x00000000ee580000,0x00000000ef200000)
 ParOldGen       total 81408K, used 17463K [0x00000000c0000000, 0x00000000c4f80000, 0x00000000eab00000)
  object space 81408K, 21% used [0x00000000c0000000,0x00000000c110def8,0x00000000c4f80000)
 Metaspace       used 47820K, capacity 48906K, committed 49072K, reserved 1091584K
  class space    used 6647K, capacity 7004K, committed 7088K, reserved 1048576K
Event: 44.739 GC heap after
Heap after GC invocations=11 (full 2):
 PSYoungGen      total 72704K, used 12786K [0x00000000eab00000, 0x00000000f1800000, 0x0000000100000000)
  eden space 59904K, 0% used [0x00000000eab00000,0x00000000eab00000,0x00000000ee580000)
  from space 12800K, 99% used [0x00000000ee580000,0x00000000ef1fcbe0,0x00000000ef200000)
  to   space 14336K, 0% used [0x00000000f0a00000,0x00000000f0a00000,0x00000000f1800000)
 ParOldGen       total 81408K, used 18927K [0x00000000c0000000, 0x00000000c4f80000, 0x00000000eab00000)
  object space 81408K, 23% used [0x00000000c0000000,0x00000000c127bc40,0x00000000c4f80000)
 Metaspace       used 47820K, capacity 48906K, committed 49072K, reserved 1091584K
  class space    used 6647K, capacity 7004K, committed 7088K, reserved 1048576K
}
Event: 45.386 GC heap before
{Heap before GC invocations=12 (full 2):
 PSYoungGen      total 72704K, used 72690K [0x00000000eab00000, 0x00000000f1800000, 0x0000000100000000)
  eden space 59904K, 100% used [0x00000000eab00000,0x00000000ee580000,0x00000000ee580000)
  from space 12800K, 99% used [0x00000000ee580000,0x00000000ef1fcbe0,0x00000000ef200000)
  to   space 14336K, 0% used [0x00000000f0a00000,0x00000000f0a00000,0x00000000f1800000)
 ParOldGen       total 81408K, used 18927K [0x00000000c0000000, 0x00000000c4f80000, 0x00000000eab00000)
  object space 81408K, 23% used [0x00000000c0000000,0x00000000c127bc40,0x00000000c4f80000)
 Metaspace       used 51290K, capacity 53000K, committed 53040K, reserved 1095680K
  class space    used 7228K, capacity 7717K, committed 7728K, reserved 1048576K
Event: 45.407 GC heap after
Heap after GC invocations=12 (full 2):
 PSYoungGen      total 94720K, used 14333K [0x00000000eab00000, 0x00000000f2100000, 0x0000000100000000)
  eden space 80384K, 0% used [0x00000000eab00000,0x00000000eab00000,0x00000000ef980000)
  from space 14336K, 99% used [0x00000000f0a00000,0x00000000f17ff790,0x00000000f1800000)
  to   space 16896K, 0% used [0x00000000ef980000,0x00000000ef980000,0x00000000f0a00000)
 ParOldGen       total 81408K, used 21934K [0x00000000c0000000, 0x00000000c4f80000, 0x00000000eab00000)
  object space 81408K, 26% used [0x00000000c0000000,0x00000000c156bb50,0x00000000c4f80000)
 Metaspace       used 51290K, capacity 53000K, committed 53040K, reserved 1095680K
  class space    used 7228K, capacity 7717K, committed 7728K, reserved 1048576K
}
Event: 47.525 GC heap before
{Heap before GC invocations=13 (full 2):
 PSYoungGen      total 94720K, used 94717K [0x00000000eab00000, 0x00000000f2100000, 0x0000000100000000)
  eden space 80384K, 100% used [0x00000000eab00000,0x00000000ef980000,0x00000000ef980000)
  from space 14336K, 99% used [0x00000000f0a00000,0x00000000f17ff790,0x00000000f1800000)
  to   space 16896K, 0% used [0x00000000ef980000,0x00000000ef980000,0x00000000f0a00000)
 ParOldGen       total 81408K, used 21934K [0x00000000c0000000, 0x00000000c4f80000, 0x00000000eab00000)
  object space 81408K, 26% used [0x00000000c0000000,0x00000000c156bb50,0x00000000c4f80000)
 Metaspace       used 54925K, capacity 56910K, committed 57136K, reserved 1097728K
  class space    used 7696K, capacity 8218K, committed 8240K, reserved 1048576K
Event: 47.539 GC heap after
Heap after GC invocations=13 (full 2):
 PSYoungGen      total 97280K, used 16889K [0x00000000eab00000, 0x00000000f4600000, 0x0000000100000000)
  eden space 80384K, 0% used [0x00000000eab00000,0x00000000eab00000,0x00000000ef980000)
  from space 16896K, 99% used [0x00000000ef980000,0x00000000f09fe4d0,0x00000000f0a00000)
  to   space 21504K, 0% used [0x00000000f3100000,0x00000000f3100000,0x00000000f4600000)
 ParOldGen       total 81408K, used 30010K [0x00000000c0000000, 0x00000000c4f80000, 0x00000000eab00000)
  object space 81408K, 36% used [0x00000000c0000000,0x00000000c1d4e8c8,0x00000000c4f80000)
 Metaspace       used 54925K, capacity 56910K, committed 57136K, reserved 1097728K
  class space    used 7696K, capacity 8218K, committed 8240K, reserved 1048576K
}

