# JRE version: Java(TM) SE Runtime Environment (8.0_171-b11) (build 1.8.0_171-b11)
# Java VM: Java HotSpot(TM) 64-Bit Server VM (25.171-b11 mixed mode windows-amd64 compressed oops)
Heap:
 PSYoungGen      total 98304K, used 26412K [0x00000000eab00000, 0x00000000f2180000, 0x0000000100000000)
  eden space 80384K, 26% used [0x00000000eab00000,0x00000000ebf95898,0x00000000ef980000)
  from space 17920K, 29% used [0x00000000f1000000,0x00000000f1535a70,0x00000000f2180000)
  to   space 20480K, 0% used [0x00000000ef980000,0x00000000ef980000,0x00000000f0d80000)
 ParOldGen       total 207872K, used 38772K [0x00000000c0000000, 0x00000000ccb00000, 0x00000000eab00000)
  object space 207872K, 18% used [0x00000000c0000000,0x00000000c25dd050,0x00000000ccb00000)
 Metaspace       used 58843K, capacity 61048K, committed 61336K, reserved 1101824K
  class space    used 8039K, capacity 8557K, committed 8624K, reserved 1048576K
GC Heap History (10 events):
Event: 49.524 GC heap before
{Heap before GC invocations=11 (full 2):
 PSYoungGen      total 81408K, used 81381K [0x00000000eab00000, 0x00000000f0700000, 0x0000000100000000)
  eden space 70656K, 100% used [0x00000000eab00000,0x00000000ef000000,0x00000000ef000000)
  from space 10752K, 99% used [0x00000000efb80000,0x00000000f05f9640,0x00000000f0600000)
  to   space 11776K, 0% used [0x00000000ef000000,0x00000000ef000000,0x00000000efb80000)
 ParOldGen       total 136192K, used 17999K [0x00000000c0000000, 0x00000000c8500000, 0x00000000eab00000)
  object space 136192K, 13% used [0x00000000c0000000,0x00000000c1193cf8,0x00000000c8500000)
 Metaspace       used 49540K, capacity 50604K, committed 50736K, reserved 1093632K
  class space    used 6755K, capacity 7111K, committed 7216K, reserved 1048576K
Event: 49.534 GC heap after
Heap after GC invocations=11 (full 2):
 PSYoungGen      total 81408K, used 11749K [0x00000000eab00000, 0x00000000f0a00000, 0x0000000100000000)
  eden space 69632K, 0% used [0x00000000eab00000,0x00000000eab00000,0x00000000eef00000)
  from space 11776K, 99% used [0x00000000ef000000,0x00000000efb79420,0x00000000efb80000)
  to   space 13824K, 0% used [0x00000000efc80000,0x00000000efc80000,0x00000000f0a00000)
 ParOldGen       total 136192K, used 20303K [0x00000000c0000000, 0x00000000c8500000, 0x00000000eab00000)
  object space 136192K, 14% used [0x00000000c0000000,0x00000000c13d3c30,0x00000000c8500000)
 Metaspace       used 49540K, capacity 50604K, committed 50736K, reserved 1093632K
  class space    used 6755K, capacity 7111K, committed 7216K, reserved 1048576K
}
Event: 51.044 GC heap before
{Heap before GC invocations=12 (full 2):
 PSYoungGen      total 81408K, used 81381K [0x00000000eab00000, 0x00000000f0a00000, 0x0000000100000000)
  eden space 69632K, 100% used [0x00000000eab00000,0x00000000eef00000,0x00000000eef00000)
  from space 11776K, 99% used [0x00000000ef000000,0x00000000efb79420,0x00000000efb80000)
  to   space 13824K, 0% used [0x00000000efc80000,0x00000000efc80000,0x00000000f0a00000)
 ParOldGen       total 136192K, used 20303K [0x00000000c0000000, 0x00000000c8500000, 0x00000000eab00000)
  object space 136192K, 14% used [0x00000000c0000000,0x00000000c13d3c30,0x00000000c8500000)
 Metaspace       used 54526K, capacity 56262K, committed 56496K, reserved 1097728K
  class space    used 7527K, capacity 8014K, committed 8112K, reserved 1048576K
Event: 51.063 GC heap after
Heap after GC invocations=12 (full 2):
 PSYoungGen      total 80384K, used 13800K [0x00000000eab00000, 0x00000000f1f00000, 0x0000000100000000)
  eden space 66560K, 0% used [0x00000000eab00000,0x00000000eab00000,0x00000000eec00000)
  from space 13824K, 99% used [0x00000000efc80000,0x00000000f09fa060,0x00000000f0a00000)
  to   space 16896K, 0% used [0x00000000eec00000,0x00000000eec00000,0x00000000efc80000)
 ParOldGen       total 136192K, used 25493K [0x00000000c0000000, 0x00000000c8500000, 0x00000000eab00000)
  object space 136192K, 18% used [0x00000000c0000000,0x00000000c18e5428,0x00000000c8500000)
 Metaspace       used 54526K, capacity 56262K, committed 56496K, reserved 1097728K
  class space    used 7527K, capacity 8014K, committed 8112K, reserved 1048576K
}
Event: 53.605 GC heap before
{Heap before GC invocations=13 (full 2):
 PSYoungGen      total 80384K, used 73224K [0x00000000eab00000, 0x00000000f1f00000, 0x0000000100000000)
  eden space 66560K, 89% used [0x00000000eab00000,0x00000000ee5081e8,0x00000000eec00000)
  from space 13824K, 99% used [0x00000000efc80000,0x00000000f09fa060,0x00000000f0a00000)
  to   space 16896K, 0% used [0x00000000eec00000,0x00000000eec00000,0x00000000efc80000)
 ParOldGen       total 136192K, used 25493K [0x00000000c0000000, 0x00000000c8500000, 0x00000000eab00000)
  object space 136192K, 18% used [0x00000000c0000000,0x00000000c18e5428,0x00000000c8500000)
 Metaspace       used 56887K, capacity 59064K, committed 59160K, reserved 1099776K
  class space    used 7831K, capacity 8407K, committed 8496K, reserved 1048576K
Event: 53.626 GC heap after
Heap after GC invocations=13 (full 2):
 PSYoungGen      total 83456K, used 16883K [0x00000000eab00000, 0x00000000f2400000, 0x0000000100000000)
  eden space 66560K, 0% used [0x00000000eab00000,0x00000000eab00000,0x00000000eec00000)
  from space 16896K, 99% used [0x00000000eec00000,0x00000000efc7cd90,0x00000000efc80000)
  to   space 20480K, 0% used [0x00000000f1000000,0x00000000f1000000,0x00000000f2400000)
 ParOldGen       total 136192K, used 30693K [0x00000000c0000000, 0x00000000c8500000, 0x00000000eab00000)
  object space 136192K, 22% used [0x00000000c0000000,0x00000000c1df94c0,0x00000000c8500000)
 Metaspace       used 56887K, capacity 59064K, committed 59160K, reserved 1099776K
  class space    used 7831K, capacity 8407K, committed 8496K, reserved 1048576K
}
Event: 53.626 GC heap before
{Heap before GC invocations=14 (full 3):
 PSYoungGen      total 83456K, used 16883K [0x00000000eab00000, 0x00000000f2400000, 0x0000000100000000)
  eden space 66560K, 0% used [0x00000000eab00000,0x00000000eab00000,0x00000000eec00000)
  from space 16896K, 99% used [0x00000000eec00000,0x00000000efc7cd90,0x00000000efc80000)
  to   space 20480K, 0% used [0x00000000f1000000,0x00000000f1000000,0x00000000f2400000)
 ParOldGen       total 136192K, used 30693K [0x00000000c0000000, 0x00000000c8500000, 0x00000000eab00000)
  object space 136192K, 22% used [0x00000000c0000000,0x00000000c1df94c0,0x00000000c8500000)
 Metaspace       used 56887K, capacity 59064K, committed 59160K, reserved 1099776K
  class space    used 7831K, capacity 8407K, committed 8496K, reserved 1048576K
Event: 53.830 GC heap after
Heap after GC invocations=14 (full 3):
 PSYoungGen      total 83456K, used 0K [0x00000000eab00000, 0x00000000f2400000, 0x0000000100000000)
  eden space 66560K, 0% used [0x00000000eab00000,0x00000000eab00000,0x00000000eec00000)
  from space 16896K, 0% used [0x00000000eec00000,0x00000000eec00000,0x00000000efc80000)
  to   space 20480K, 0% used [0x00000000f1000000,0x00000000f1000000,0x00000000f2400000)
 ParOldGen       total 207872K, used 38764K [0x00000000c0000000, 0x00000000ccb00000, 0x00000000eab00000)
  object space 207872K, 18% used [0x00000000c0000000,0x00000000c25db050,0x00000000ccb00000)
 Metaspace       used 56773K, capacity 58780K, committed 59160K, reserved 1099776K
  class space    used 7796K, capacity 8311K, committed 8496K, reserved 1048576K
}
Event: 56.557 GC heap before
{Heap before GC invocations=15 (full 3):
 PSYoungGen      total 83456K, used 66560K [0x00000000eab00000, 0x00000000f2400000, 0x0000000100000000)
  eden space 66560K, 100% used [0x00000000eab00000,0x00000000eec00000,0x00000000eec00000)
  from space 16896K, 0% used [0x00000000eec00000,0x00000000eec00000,0x00000000efc80000)
  to   space 20480K, 0% used [0x00000000f1000000,0x00000000f1000000,0x00000000f2400000)
 ParOldGen       total 207872K, used 38764K [0x00000000c0000000, 0x00000000ccb00000, 0x00000000eab00000)
  object space 207872K, 18% used [0x00000000c0000000,0x00000000c25db050,0x00000000ccb00000)
 Metaspace       used 58543K, capacity 60566K, committed 60824K, reserved 1101824K
  class space    used 8006K, capacity 8500K, committed 8624K, reserved 1048576K
Event: 56.564 GC heap after
Heap after GC invocations=15 (full 3):
 PSYoungGen      total 98304K, used 5334K [0x00000000eab00000, 0x00000000f2180000, 0x0000000100000000)
  eden space 80384K, 0% used [0x00000000eab00000,0x00000000eab00000,0x00000000ef980000)
  from space 17920K, 29% used [0x00000000f1000000,0x00000000f1535a70,0x00000000f2180000)
  to   space 20480K, 0% used [0x00000000ef980000,0x00000000ef980000,0x00000000f0d80000)
 ParOldGen       total 207872K, used 38772K [0x00000000c0000000, 0x00000000ccb00000, 0x00000000eab00000)
  object space 207872K, 18% used [0x00000000c0000000,0x00000000c25dd050,0x00000000ccb00000)
 Metaspace       used 58543K, capacity 60566K, committed 60824K, reserved 1101824K
  class space    used 8006K, capacity 8500K, committed 8624K, reserved 1048576K
}

